_________________________________________________________________
Layer (type)                 Output Shape              Param #   
=================================================================
conv2d_1 (Conv2D)            (None, 55, 55, 96)        34944     
_________________________________________________________________
activation_1 (Activation)    (None, 55, 55, 96)        0         
_________________________________________________________________
max_pooling2d_1 (MaxPooling2 (None, 27, 27, 96)        0         
_________________________________________________________________
conv2d_2 (Conv2D)            (None, 17, 17, 256)       2973952   
_________________________________________________________________
activation_2 (Activation)    (None, 17, 17, 256)       0         
_________________________________________________________________
max_pooling2d_2 (MaxPooling2 (None, 8, 8, 256)         0         
_________________________________________________________________
conv2d_3 (Conv2D)            (None, 6, 6, 384)         885120    
_________________________________________________________________
activation_3 (Activation)    (None, 6, 6, 384)         0         
_________________________________________________________________
conv2d_4 (Conv2D)            (None, 4, 4, 384)         1327488   
_________________________________________________________________
activation_4 (Activation)    (None, 4, 4, 384)         0         
_________________________________________________________________
conv2d_5 (Conv2D)            (None, 2, 2, 256)         884992    
_________________________________________________________________
activation_5 (Activation)    (None, 2, 2, 256)         0         
_________________________________________________________________
max_pooling2d_3 (MaxPooling2 (None, 1, 1, 256)         0         
_________________________________________________________________
flatten_1 (Flatten)          (None, 256)               0         
_________________________________________________________________
dense_1 (Dense)              (None, 4096)              1052672   
_________________________________________________________________
activation_6 (Activation)    (None, 4096)              0         
_________________________________________________________________
dropout_1 (Dropout)          (None, 4096)              0         
_________________________________________________________________
dense_2 (Dense)              (None, 4096)              16781312  
_________________________________________________________________
activation_7 (Activation)    (None, 4096)              0         
_________________________________________________________________
dropout_2 (Dropout)          (None, 4096)              0         
_________________________________________________________________
dense_3 (Dense)              (None, 1000)              4097000   
_________________________________________________________________
activation_8 (Activation)    (None, 1000)              0         
_________________________________________________________________
dropout_3 (Dropout)          (None, 1000)              0         
_________________________________________________________________
dense_4 (Dense)              (None, 2)                 2002      
_________________________________________________________________
activation_9 (Activation)    (None, 2)                 0         
=================================================================
Total params: 28,039,482
Trainable params: 28,039,482
Non-trainable params: 0
_________________________________________________________________
Train on 7908 samples, validate on 378 samples
Epoch 1/50
32s - loss: 7.7424 - acc: 0.5171 - val_loss: 6.2681 - val_acc: 0.6111
Epoch 2/50
28s - loss: 7.7900 - acc: 0.5167 - val_loss: 6.2681 - val_acc: 0.6111
Epoch 3/50
28s - loss: 7.7900 - acc: 0.5167 - val_loss: 6.2681 - val_acc: 0.6111
Epoch 4/50
28s - loss: 7.7900 - acc: 0.5167 - val_loss: 6.2681 - val_acc: 0.6111
Epoch 5/50
28s - loss: 7.7900 - acc: 0.5167 - val_loss: 6.2681 - val_acc: 0.6111
Epoch 6/50
28s - loss: 7.7900 - acc: 0.5167 - val_loss: 6.2681 - val_acc: 0.6111
Epoch 7/50
28s - loss: 7.7900 - acc: 0.5167 - val_loss: 6.2681 - val_acc: 0.6111
Epoch 8/50
29s - loss: 7.7900 - acc: 0.5167 - val_loss: 6.2681 - val_acc: 0.6111
Epoch 9/50
29s - loss: 7.7900 - acc: 0.5167 - val_loss: 6.2681 - val_acc: 0.6111
Epoch 10/50
29s - loss: 7.7900 - acc: 0.5167 - val_loss: 6.2681 - val_acc: 0.6111
Epoch 11/50
29s - loss: 7.7900 - acc: 0.5167 - val_loss: 6.2681 - val_acc: 0.6111
Epoch 12/50
28s - loss: 7.7900 - acc: 0.5167 - val_loss: 6.2681 - val_acc: 0.6111
Epoch 13/50
28s - loss: 7.7900 - acc: 0.5167 - val_loss: 6.2681 - val_acc: 0.6111
Epoch 14/50
28s - loss: 7.7900 - acc: 0.5167 - val_loss: 6.2681 - val_acc: 0.6111
Epoch 15/50
28s - loss: 7.7900 - acc: 0.5167 - val_loss: 6.2681 - val_acc: 0.6111
Epoch 16/50
28s - loss: 7.7900 - acc: 0.5167 - val_loss: 6.2681 - val_acc: 0.6111
Epoch 17/50
28s - loss: 7.7900 - acc: 0.5167 - val_loss: 6.2681 - val_acc: 0.6111
Epoch 18/50
28s - loss: 7.7900 - acc: 0.5167 - val_loss: 6.2681 - val_acc: 0.6111
Epoch 19/50
28s - loss: 7.7900 - acc: 0.5167 - val_loss: 6.2681 - val_acc: 0.6111
Epoch 20/50
28s - loss: 7.7900 - acc: 0.5167 - val_loss: 6.2681 - val_acc: 0.6111
Epoch 21/50
28s - loss: 7.7900 - acc: 0.5167 - val_loss: 6.2681 - val_acc: 0.6111
Epoch 22/50
28s - loss: 7.7900 - acc: 0.5167 - val_loss: 6.2681 - val_acc: 0.6111
Epoch 23/50
28s - loss: 7.7900 - acc: 0.5167 - val_loss: 6.2681 - val_acc: 0.6111
Epoch 24/50
28s - loss: 7.7900 - acc: 0.5167 - val_loss: 6.2681 - val_acc: 0.6111
Epoch 25/50
28s - loss: 7.7900 - acc: 0.5167 - val_loss: 6.2681 - val_acc: 0.6111
Epoch 26/50
28s - loss: 7.7900 - acc: 0.5167 - val_loss: 6.2681 - val_acc: 0.6111
Epoch 27/50
28s - loss: 7.7900 - acc: 0.5167 - val_loss: 6.2681 - val_acc: 0.6111
Epoch 28/50
28s - loss: 7.7900 - acc: 0.5167 - val_loss: 6.2681 - val_acc: 0.6111
Epoch 29/50
29s - loss: 7.7900 - acc: 0.5167 - val_loss: 6.2681 - val_acc: 0.6111
Epoch 30/50
29s - loss: 7.7900 - acc: 0.5167 - val_loss: 6.2681 - val_acc: 0.6111
Epoch 31/50
29s - loss: 7.7900 - acc: 0.5167 - val_loss: 6.2681 - val_acc: 0.6111
Epoch 32/50
28s - loss: 7.7900 - acc: 0.5167 - val_loss: 6.2681 - val_acc: 0.6111
Epoch 33/50
29s - loss: 7.7900 - acc: 0.5167 - val_loss: 6.2681 - val_acc: 0.6111
Epoch 34/50
29s - loss: 7.7900 - acc: 0.5167 - val_loss: 6.2681 - val_acc: 0.6111
Epoch 35/50
29s - loss: 7.7900 - acc: 0.5167 - val_loss: 6.2681 - val_acc: 0.6111
Epoch 36/50
28s - loss: 7.7900 - acc: 0.5167 - val_loss: 6.2681 - val_acc: 0.6111
Epoch 37/50
29s - loss: 7.7900 - acc: 0.5167 - val_loss: 6.2681 - val_acc: 0.6111
Epoch 38/50
28s - loss: 7.7900 - acc: 0.5167 - val_loss: 6.2681 - val_acc: 0.6111
Epoch 39/50
29s - loss: 7.7900 - acc: 0.5167 - val_loss: 6.2681 - val_acc: 0.6111
Epoch 40/50
28s - loss: 7.7900 - acc: 0.5167 - val_loss: 6.2681 - val_acc: 0.6111
Epoch 41/50
28s - loss: 7.7900 - acc: 0.5167 - val_loss: 6.2681 - val_acc: 0.6111
Epoch 42/50
29s - loss: 7.7900 - acc: 0.5167 - val_loss: 6.2681 - val_acc: 0.6111
Epoch 43/50
29s - loss: 7.7900 - acc: 0.5167 - val_loss: 6.2681 - val_acc: 0.6111
Epoch 44/50
29s - loss: 7.7900 - acc: 0.5167 - val_loss: 6.2681 - val_acc: 0.6111
Epoch 45/50
29s - loss: 7.7900 - acc: 0.5167 - val_loss: 6.2681 - val_acc: 0.6111
Epoch 46/50
29s - loss: 7.7900 - acc: 0.5167 - val_loss: 6.2681 - val_acc: 0.6111
Epoch 47/50
29s - loss: 7.7900 - acc: 0.5167 - val_loss: 6.2681 - val_acc: 0.6111
Epoch 48/50
29s - loss: 7.7900 - acc: 0.5167 - val_loss: 6.2681 - val_acc: 0.6111
Epoch 49/50
28s - loss: 7.7900 - acc: 0.5167 - val_loss: 6.2681 - val_acc: 0.6111
Epoch 50/50
28s - loss: 7.7900 - acc: 0.5167 - val_loss: 6.2681 - val_acc: 0.6111
